<?xml version="1.0" encoding="UTF-8"?>
<testsuite xmlns:xsi="http://www.w3.org/2001/XMLSchema-instance" xsi:noNamespaceSchemaLocation="https://maven.apache.org/surefire/maven-surefire-plugin/xsd/surefire-test-report.xsd" name="com.bit.java_image_server.test.ImageDaoTest" time="0.319" tests="5" errors="0" skipped="0" failures="0">
  <properties>
[...]
</properties>
  <testcase name="selectAll" classname="com.bit.java_image_server.test.ImageDaoTest" time="0.294"/>
  <testcase name="selectOne" classname="com.bit.java_image_server.test.ImageDaoTest" time="0"/>
  <testcase name="delete" classname="com.bit.java_image_server.test.ImageDaoTest" time="0"/>
  <testcase name="insert" classname="com.bit.java_image_server.test.ImageDaoTest" time="0"/>
  <testcase name="selectByMD5" classname="com.bit.java_image_server.test.ImageDaoTest" time="0"/>
</testsuite>